This file contains any messages produced by compilers while
running configure, to aid debugging if configure makes a mistake.

It was created by gst-mprtp configure 1.0.0, which was
generated by GNU Autoconf 2.69.  Invocation command line was

  $ ./configure 

## --------- ##
## Platform. ##
## --------- ##

hostname = Betelguese
uname -m = x86_64
uname -r = 3.13.0-62-generic
uname -s = Linux
uname -v = #102-Ubuntu SMP Tue Aug 11 14:29:36 UTC 2015

/usr/bin/uname -p = unknown
/bin/uname -X     = unknown

/bin/arch              = unknown
/usr/bin/arch -k       = unknown
/usr/convex/getsysinfo = unknown
/usr/bin/hostinfo      = unknown
/bin/machine           = unknown
/usr/bin/oslevel       = unknown
/bin/universe          = unknown

PATH: /usr/local/sbin
PATH: /usr/local/bin
PATH: /usr/sbin
PATH: /usr/bin
PATH: /sbin
PATH: /bin


## ----------- ##
## Core tests. ##
## ----------- ##

configure:2240: checking build system type
configure:2254: result: x86_64-unknown-linux-gnu
configure:2274: checking host system type
configure:2287: result: x86_64-unknown-linux-gnu
configure:2307: checking target system type
configure:2320: result: x86_64-unknown-linux-gnu
configure:2366: checking for a BSD-compatible install
configure:2434: result: /usr/bin/install -c
configure:2445: checking whether build environment is sane
configure:2500: result: yes
configure:2651: checking for a thread-safe mkdir -p
configure:2690: result: /bin/mkdir -p
configure:2697: checking for gawk
configure:2713: found /usr/bin/gawk
configure:2724: result: gawk
configure:2735: checking whether make sets $(MAKE)
configure:2757: result: yes
configure:2786: checking whether make supports nested variables
configure:2803: result: yes
configure:2992: checking how to print strings
configure:3019: result: printf
configure:3052: checking for style of include used by make
configure:3080: result: GNU
configure:3151: checking for gcc
configure:3167: found /usr/bin/gcc
configure:3178: result: gcc
configure:3407: checking for C compiler version
configure:3416: gcc --version >&5
gcc (Ubuntu 4.8.4-2ubuntu1~14.04) 4.8.4
Copyright (C) 2013 Free Software Foundation, Inc.
This is free software; see the source for copying conditions.  There is NO
warranty; not even for MERCHANTABILITY or FITNESS FOR A PARTICULAR PURPOSE.

configure:3427: $? = 0
configure:3416: gcc -v >&5
Using built-in specs.
COLLECT_GCC=gcc
COLLECT_LTO_WRAPPER=/usr/lib/gcc/x86_64-linux-gnu/4.8/lto-wrapper
Target: x86_64-linux-gnu
Configured with: ../src/configure -v --with-pkgversion='Ubuntu 4.8.4-2ubuntu1~14.04' --with-bugurl=file:///usr/share/doc/gcc-4.8/README.Bugs --enable-languages=c,c++,java,go,d,fortran,objc,obj-c++ --prefix=/usr --program-suffix=-4.8 --enable-shared --enable-linker-build-id --libexecdir=/usr/lib --without-included-gettext --enable-threads=posix --with-gxx-include-dir=/usr/include/c++/4.8 --libdir=/usr/lib --enable-nls --with-sysroot=/ --enable-clocale=gnu --enable-libstdcxx-debug --enable-libstdcxx-time=yes --enable-gnu-unique-object --disable-libmudflap --enable-plugin --with-system-zlib --disable-browser-plugin --enable-java-awt=gtk --enable-gtk-cairo --with-java-home=/usr/lib/jvm/java-1.5.0-gcj-4.8-amd64/jre --enable-java-home --with-jvm-root-dir=/usr/lib/jvm/java-1.5.0-gcj-4.8-amd64 --with-jvm-jar-dir=/usr/lib/jvm-exports/java-1.5.0-gcj-4.8-amd64 --with-arch-directory=amd64 --with-ecj-jar=/usr/share/java/eclipse-ecj.jar --enable-objc-gc --enable-multiarch --disable-werror --with-arch-32=i686 --with-abi=m64 --with-multilib-list=m32,m64,mx32 --with-tune=generic --enable-checking=release --build=x86_64-linux-gnu --host=x86_64-linux-gnu --target=x86_64-linux-gnu
Thread model: posix
gcc version 4.8.4 (Ubuntu 4.8.4-2ubuntu1~14.04) 
configure:3427: $? = 0
configure:3416: gcc -V >&5
gcc: error: unrecognized command line option '-V'
gcc: fatal error: no input files
compilation terminated.
configure:3427: $? = 4
configure:3416: gcc -qversion >&5
gcc: error: unrecognized command line option '-qversion'
gcc: fatal error: no input files
compilation terminated.
configure:3427: $? = 4
configure:3447: checking whether the C compiler works
configure:3469: gcc    conftest.c  >&5
configure:3473: $? = 0
configure:3521: result: yes
configure:3524: checking for C compiler default output file name
configure:3526: result: a.out
configure:3532: checking for suffix of executables
configure:3539: gcc -o conftest    conftest.c  >&5
configure:3543: $? = 0
configure:3565: result: 
configure:3587: checking whether we are cross compiling
configure:3595: gcc -o conftest    conftest.c  >&5
configure:3599: $? = 0
configure:3606: ./conftest
configure:3610: $? = 0
configure:3625: result: no
configure:3630: checking for suffix of object files
configure:3652: gcc -c   conftest.c >&5
configure:3656: $? = 0
configure:3677: result: o
configure:3681: checking whether we are using the GNU C compiler
configure:3700: gcc -c   conftest.c >&5
configure:3700: $? = 0
configure:3709: result: yes
configure:3718: checking whether gcc accepts -g
configure:3738: gcc -c -g  conftest.c >&5
configure:3738: $? = 0
configure:3779: result: yes
configure:3796: checking for gcc option to accept ISO C89
configure:3859: gcc  -c -g -O2  conftest.c >&5
configure:3859: $? = 0
configure:3872: result: none needed
configure:3897: checking whether gcc understands -c and -o together
configure:3919: gcc -c conftest.c -o conftest2.o
configure:3922: $? = 0
configure:3919: gcc -c conftest.c -o conftest2.o
configure:3922: $? = 0
configure:3934: result: yes
configure:3953: checking dependency style of gcc
configure:4064: result: gcc3
configure:4079: checking for a sed that does not truncate output
configure:4143: result: /bin/sed
configure:4161: checking for grep that handles long lines and -e
configure:4219: result: /bin/grep
configure:4224: checking for egrep
configure:4286: result: /bin/grep -E
configure:4291: checking for fgrep
configure:4353: result: /bin/grep -F
configure:4388: checking for ld used by gcc
configure:4455: result: /usr/bin/ld
configure:4462: checking if the linker (/usr/bin/ld) is GNU ld
configure:4477: result: yes
configure:4489: checking for BSD- or MS-compatible name lister (nm)
configure:4538: result: /usr/bin/nm -B
configure:4668: checking the name lister (/usr/bin/nm -B) interface
configure:4675: gcc -c -g -O2  conftest.c >&5
configure:4678: /usr/bin/nm -B "conftest.o"
configure:4681: output
0000000000000000 B some_variable
configure:4688: result: BSD nm
configure:4691: checking whether ln -s works
configure:4695: result: yes
configure:4703: checking the maximum length of command line arguments
configure:4834: result: 1572864
configure:4851: checking whether the shell understands some XSI constructs
configure:4861: result: yes
configure:4865: checking whether the shell understands "+="
configure:4871: result: yes
configure:4906: checking how to convert x86_64-unknown-linux-gnu file names to x86_64-unknown-linux-gnu format
configure:4946: result: func_convert_file_noop
configure:4953: checking how to convert x86_64-unknown-linux-gnu file names to toolchain format
configure:4973: result: func_convert_file_noop
configure:4980: checking for /usr/bin/ld option to reload object files
configure:4987: result: -r
configure:5061: checking for objdump
configure:5077: found /usr/bin/objdump
configure:5088: result: objdump
configure:5117: checking how to recognize dependent libraries
configure:5315: result: pass_all
configure:5400: checking for dlltool
configure:5430: result: no
configure:5457: checking how to associate runtime and link libraries
configure:5484: result: printf %s\n
configure:5545: checking for ar
configure:5561: found /usr/bin/ar
configure:5572: result: ar
configure:5609: checking for archiver @FILE support
configure:5626: gcc -c -g -O2  conftest.c >&5
configure:5626: $? = 0
configure:5629: ar cru libconftest.a @conftest.lst >&5
configure:5632: $? = 0
configure:5637: ar cru libconftest.a @conftest.lst >&5
ar: conftest.o: No such file or directory
configure:5640: $? = 1
configure:5652: result: @
configure:5710: checking for strip
configure:5726: found /usr/bin/strip
configure:5737: result: strip
configure:5809: checking for ranlib
configure:5825: found /usr/bin/ranlib
configure:5836: result: ranlib
configure:5938: checking command to parse /usr/bin/nm -B output from gcc object
configure:6058: gcc -c -g -O2  conftest.c >&5
configure:6061: $? = 0
configure:6065: /usr/bin/nm -B conftest.o \| sed -n -e 's/^.*[ ]\([ABCDGIRSTW][ABCDGIRSTW]*\)[ ][ ]*\([_A-Za-z][_A-Za-z0-9]*\)$/\1 \2 \2/p' | sed '/ __gnu_lto/d' \> conftest.nm
configure:6068: $? = 0
configure:6134: gcc -o conftest -g -O2   conftest.c conftstm.o >&5
configure:6137: $? = 0
configure:6175: result: ok
configure:6212: checking for sysroot
configure:6242: result: no
configure:6319: gcc -c -g -O2  conftest.c >&5
configure:6322: $? = 0
configure:6511: checking for mt
configure:6527: found /bin/mt
configure:6538: result: mt
configure:6561: checking if mt is a manifest tool
configure:6567: mt '-?'
configure:6575: result: no
configure:7217: checking how to run the C preprocessor
configure:7248: gcc -E  conftest.c
configure:7248: $? = 0
configure:7262: gcc -E  conftest.c
conftest.c:12:28: fatal error: ac_nonexistent.h: No such file or directory
 #include <ac_nonexistent.h>
                            ^
compilation terminated.
configure:7262: $? = 1
configure: failed program was:
| /* confdefs.h */
| #define PACKAGE_NAME "gst-mprtp"
| #define PACKAGE_TARNAME "gst-mprtp"
| #define PACKAGE_VERSION "1.0.0"
| #define PACKAGE_STRING "gst-mprtp 1.0.0"
| #define PACKAGE_BUGREPORT ""
| #define PACKAGE_URL ""
| #define PACKAGE "gst-mprtp"
| #define VERSION "1.0.0"
| #define GST_API_VERSION "1.0"
| /* end confdefs.h.  */
| #include <ac_nonexistent.h>
configure:7287: result: gcc -E
configure:7307: gcc -E  conftest.c
configure:7307: $? = 0
configure:7321: gcc -E  conftest.c
conftest.c:12:28: fatal error: ac_nonexistent.h: No such file or directory
 #include <ac_nonexistent.h>
                            ^
compilation terminated.
configure:7321: $? = 1
configure: failed program was:
| /* confdefs.h */
| #define PACKAGE_NAME "gst-mprtp"
| #define PACKAGE_TARNAME "gst-mprtp"
| #define PACKAGE_VERSION "1.0.0"
| #define PACKAGE_STRING "gst-mprtp 1.0.0"
| #define PACKAGE_BUGREPORT ""
| #define PACKAGE_URL ""
| #define PACKAGE "gst-mprtp"
| #define VERSION "1.0.0"
| #define GST_API_VERSION "1.0"
| /* end confdefs.h.  */
| #include <ac_nonexistent.h>
configure:7350: checking for ANSI C header files
configure:7370: gcc -c -g -O2  conftest.c >&5
configure:7370: $? = 0
configure:7443: gcc -o conftest -g -O2   conftest.c  >&5
configure:7443: $? = 0
configure:7443: ./conftest
configure:7443: $? = 0
configure:7454: result: yes
configure:7467: checking for sys/types.h
configure:7467: gcc -c -g -O2  conftest.c >&5
configure:7467: $? = 0
configure:7467: result: yes
configure:7467: checking for sys/stat.h
configure:7467: gcc -c -g -O2  conftest.c >&5
configure:7467: $? = 0
configure:7467: result: yes
configure:7467: checking for stdlib.h
configure:7467: gcc -c -g -O2  conftest.c >&5
configure:7467: $? = 0
configure:7467: result: yes
configure:7467: checking for string.h
configure:7467: gcc -c -g -O2  conftest.c >&5
configure:7467: $? = 0
configure:7467: result: yes
configure:7467: checking for memory.h
configure:7467: gcc -c -g -O2  conftest.c >&5
configure:7467: $? = 0
configure:7467: result: yes
configure:7467: checking for strings.h
configure:7467: gcc -c -g -O2  conftest.c >&5
configure:7467: $? = 0
configure:7467: result: yes
configure:7467: checking for inttypes.h
configure:7467: gcc -c -g -O2  conftest.c >&5
configure:7467: $? = 0
configure:7467: result: yes
configure:7467: checking for stdint.h
configure:7467: gcc -c -g -O2  conftest.c >&5
configure:7467: $? = 0
configure:7467: result: yes
configure:7467: checking for unistd.h
configure:7467: gcc -c -g -O2  conftest.c >&5
configure:7467: $? = 0
configure:7467: result: yes
configure:7481: checking for dlfcn.h
configure:7481: gcc -c -g -O2  conftest.c >&5
configure:7481: $? = 0
configure:7481: result: yes
configure:8001: checking for objdir
configure:8016: result: .libs
configure:8287: checking if gcc supports -fno-rtti -fno-exceptions
configure:8305: gcc -c -g -O2  -fno-rtti -fno-exceptions conftest.c >&5
cc1: warning: command line option '-fno-rtti' is valid for C++/ObjC++ but not for C [enabled by default]
configure:8309: $? = 0
configure:8322: result: no
configure:8649: checking for gcc option to produce PIC
configure:8656: result: -fPIC -DPIC
configure:8664: checking if gcc PIC flag -fPIC -DPIC works
configure:8682: gcc -c -g -O2  -fPIC -DPIC -DPIC conftest.c >&5
configure:8686: $? = 0
configure:8699: result: yes
configure:8728: checking if gcc static flag -static works
configure:8756: result: yes
configure:8771: checking if gcc supports -c -o file.o
configure:8792: gcc -c -g -O2  -o out/conftest2.o conftest.c >&5
configure:8796: $? = 0
configure:8818: result: yes
configure:8826: checking if gcc supports -c -o file.o
configure:8873: result: yes
configure:8906: checking whether the gcc linker (/usr/bin/ld -m elf_x86_64) supports shared libraries
configure:10063: result: yes
configure:10100: checking whether -lc should be explicitly linked in
configure:10108: gcc -c -g -O2  conftest.c >&5
configure:10111: $? = 0
configure:10126: gcc -shared  -fPIC -DPIC conftest.o  -v -Wl,-soname -Wl,conftest -o conftest 2\>\&1 \| /bin/grep  -lc  \>/dev/null 2\>\&1
configure:10129: $? = 0
configure:10143: result: no
configure:10303: checking dynamic linker characteristics
configure:10803: gcc -o conftest -g -O2   -Wl,-rpath -Wl,/foo conftest.c  >&5
configure:10803: $? = 0
configure:11037: result: GNU/Linux ld.so
configure:11144: checking how to hardcode library paths into programs
configure:11169: result: immediate
configure:11263: checking for shl_load
configure:11263: gcc -o conftest -g -O2   conftest.c  >&5
/tmp/ccMPVBoY.o: In function `main':
/home/balazs/gst/master/gst-mprtp/conftest.c:58: undefined reference to `shl_load'
collect2: error: ld returned 1 exit status
configure:11263: $? = 1
configure: failed program was:
| /* confdefs.h */
| #define PACKAGE_NAME "gst-mprtp"
| #define PACKAGE_TARNAME "gst-mprtp"
| #define PACKAGE_VERSION "1.0.0"
| #define PACKAGE_STRING "gst-mprtp 1.0.0"
| #define PACKAGE_BUGREPORT ""
| #define PACKAGE_URL ""
| #define PACKAGE "gst-mprtp"
| #define VERSION "1.0.0"
| #define GST_API_VERSION "1.0"
| #define STDC_HEADERS 1
| #define HAVE_SYS_TYPES_H 1
| #define HAVE_SYS_STAT_H 1
| #define HAVE_STDLIB_H 1
| #define HAVE_STRING_H 1
| #define HAVE_MEMORY_H 1
| #define HAVE_STRINGS_H 1
| #define HAVE_INTTYPES_H 1
| #define HAVE_STDINT_H 1
| #define HAVE_UNISTD_H 1
| #define HAVE_DLFCN_H 1
| #define LT_OBJDIR ".libs/"
| /* end confdefs.h.  */
| /* Define shl_load to an innocuous variant, in case <limits.h> declares shl_load.
|    For example, HP-UX 11i <limits.h> declares gettimeofday.  */
| #define shl_load innocuous_shl_load
| 
| /* System header to define __stub macros and hopefully few prototypes,
|     which can conflict with char shl_load (); below.
|     Prefer <limits.h> to <assert.h> if __STDC__ is defined, since
|     <limits.h> exists even on freestanding compilers.  */
| 
| #ifdef __STDC__
| # include <limits.h>
| #else
| # include <assert.h>
| #endif
| 
| #undef shl_load
| 
| /* Override any GCC internal prototype to avoid an error.
|    Use char because int might match the return type of a GCC
|    builtin and then its argument prototype would still apply.  */
| #ifdef __cplusplus
| extern "C"
| #endif
| char shl_load ();
| /* The GNU C library defines this for functions which it implements
|     to always fail with ENOSYS.  Some functions are actually named
|     something starting with __ and the normal name is an alias.  */
| #if defined __stub_shl_load || defined __stub___shl_load
| choke me
| #endif
| 
| int
| main ()
| {
| return shl_load ();
|   ;
|   return 0;
| }
configure:11263: result: no
configure:11267: checking for shl_load in -ldld
configure:11292: gcc -o conftest -g -O2   conftest.c -ldld   >&5
/usr/bin/ld: cannot find -ldld
collect2: error: ld returned 1 exit status
configure:11292: $? = 1
configure: failed program was:
| /* confdefs.h */
| #define PACKAGE_NAME "gst-mprtp"
| #define PACKAGE_TARNAME "gst-mprtp"
| #define PACKAGE_VERSION "1.0.0"
| #define PACKAGE_STRING "gst-mprtp 1.0.0"
| #define PACKAGE_BUGREPORT ""
| #define PACKAGE_URL ""
| #define PACKAGE "gst-mprtp"
| #define VERSION "1.0.0"
| #define GST_API_VERSION "1.0"
| #define STDC_HEADERS 1
| #define HAVE_SYS_TYPES_H 1
| #define HAVE_SYS_STAT_H 1
| #define HAVE_STDLIB_H 1
| #define HAVE_STRING_H 1
| #define HAVE_MEMORY_H 1
| #define HAVE_STRINGS_H 1
| #define HAVE_INTTYPES_H 1
| #define HAVE_STDINT_H 1
| #define HAVE_UNISTD_H 1
| #define HAVE_DLFCN_H 1
| #define LT_OBJDIR ".libs/"
| /* end confdefs.h.  */
| 
| /* Override any GCC internal prototype to avoid an error.
|    Use char because int might match the return type of a GCC
|    builtin and then its argument prototype would still apply.  */
| #ifdef __cplusplus
| extern "C"
| #endif
| char shl_load ();
| int
| main ()
| {
| return shl_load ();
|   ;
|   return 0;
| }
configure:11301: result: no
configure:11306: checking for dlopen
configure:11306: gcc -o conftest -g -O2   conftest.c  >&5
/tmp/ccH3Ld3a.o: In function `main':
/home/balazs/gst/master/gst-mprtp/conftest.c:58: undefined reference to `dlopen'
collect2: error: ld returned 1 exit status
configure:11306: $? = 1
configure: failed program was:
| /* confdefs.h */
| #define PACKAGE_NAME "gst-mprtp"
| #define PACKAGE_TARNAME "gst-mprtp"
| #define PACKAGE_VERSION "1.0.0"
| #define PACKAGE_STRING "gst-mprtp 1.0.0"
| #define PACKAGE_BUGREPORT ""
| #define PACKAGE_URL ""
| #define PACKAGE "gst-mprtp"
| #define VERSION "1.0.0"
| #define GST_API_VERSION "1.0"
| #define STDC_HEADERS 1
| #define HAVE_SYS_TYPES_H 1
| #define HAVE_SYS_STAT_H 1
| #define HAVE_STDLIB_H 1
| #define HAVE_STRING_H 1
| #define HAVE_MEMORY_H 1
| #define HAVE_STRINGS_H 1
| #define HAVE_INTTYPES_H 1
| #define HAVE_STDINT_H 1
| #define HAVE_UNISTD_H 1
| #define HAVE_DLFCN_H 1
| #define LT_OBJDIR ".libs/"
| /* end confdefs.h.  */
| /* Define dlopen to an innocuous variant, in case <limits.h> declares dlopen.
|    For example, HP-UX 11i <limits.h> declares gettimeofday.  */
| #define dlopen innocuous_dlopen
| 
| /* System header to define __stub macros and hopefully few prototypes,
|     which can conflict with char dlopen (); below.
|     Prefer <limits.h> to <assert.h> if __STDC__ is defined, since
|     <limits.h> exists even on freestanding compilers.  */
| 
| #ifdef __STDC__
| # include <limits.h>
| #else
| # include <assert.h>
| #endif
| 
| #undef dlopen
| 
| /* Override any GCC internal prototype to avoid an error.
|    Use char because int might match the return type of a GCC
|    builtin and then its argument prototype would still apply.  */
| #ifdef __cplusplus
| extern "C"
| #endif
| char dlopen ();
| /* The GNU C library defines this for functions which it implements
|     to always fail with ENOSYS.  Some functions are actually named
|     something starting with __ and the normal name is an alias.  */
| #if defined __stub_dlopen || defined __stub___dlopen
| choke me
| #endif
| 
| int
| main ()
| {
| return dlopen ();
|   ;
|   return 0;
| }
configure:11306: result: no
configure:11310: checking for dlopen in -ldl
configure:11335: gcc -o conftest -g -O2   conftest.c -ldl   >&5
configure:11335: $? = 0
configure:11344: result: yes
configure:11463: checking whether a program can dlopen itself
configure:11543: gcc -o conftest -g -O2  -DHAVE_DLFCN_H  -Wl,--export-dynamic conftest.c -ldl  >&5
configure:11546: $? = 0
configure:11564: result: yes
configure:11569: checking whether a statically linked program can dlopen itself
configure:11649: gcc -o conftest -g -O2  -DHAVE_DLFCN_H  -Wl,--export-dynamic -static conftest.c -ldl  >&5
/tmp/ccK5djLu.o: In function `main':
/home/balazs/gst/master/gst-mprtp/configure:11628: warning: Using 'dlopen' in statically linked applications requires at runtime the shared libraries from the glibc version used for linking
/usr/bin/ld: dynamic STT_GNU_IFUNC symbol `strcmp' with pointer equality in `/usr/lib/gcc/x86_64-linux-gnu/4.8/../../../x86_64-linux-gnu/libc.a(strcmp.o)' can not be used when making an executable; recompile with -fPIE and relink with -pie
collect2: error: ld returned 1 exit status
configure:11652: $? = 1
configure:11670: result: no
configure:11709: checking whether stripping libraries is possible
configure:11714: result: yes
configure:11749: checking if libtool supports shared libraries
configure:11751: result: yes
configure:11754: checking whether to build shared libraries
configure:11775: result: yes
configure:11778: checking whether to build static libraries
configure:11782: result: no
configure:11875: checking for pkg-config
configure:11893: found /usr/bin/pkg-config
configure:11905: result: /usr/bin/pkg-config
configure:11930: checking pkg-config is at least version 0.9.0
configure:11933: result: yes
configure:11950: checking for GST
configure:11958: $PKG_CONFIG --exists --print-errors "$module >= $minver"
configure:11961: $? = 0
configure:11976: $PKG_CONFIG --exists --print-errors "$module >= $minver"
configure:11979: $? = 0
configure:12035: result: yes
configure:12049: using GStreamer tools in /usr/local/bin
configure:12059: using GStreamer plug-ins in /usr/local/lib/gstreamer-1.0
configure:12071: checking for GST_BASE
configure:12079: $PKG_CONFIG --exists --print-errors "$module >= $minver"
configure:12082: $? = 0
configure:12097: $PKG_CONFIG --exists --print-errors "$module >= $minver"
configure:12100: $? = 0
configure:12156: result: yes
configure:12173: checking for GST_CONTROLLER
configure:12181: $PKG_CONFIG --exists --print-errors "$module >= $minver"
configure:12184: $? = 0
configure:12199: $PKG_CONFIG --exists --print-errors "$module >= $minver"
configure:12202: $? = 0
configure:12258: result: yes
configure:12275: checking for GST_NET
configure:12283: $PKG_CONFIG --exists --print-errors "$module >= $minver"
configure:12286: $? = 0
configure:12301: $PKG_CONFIG --exists --print-errors "$module >= $minver"
configure:12304: $? = 0
configure:12360: result: yes
configure:12377: checking for GST_CHECK
configure:12385: $PKG_CONFIG --exists --print-errors "$module >= $minver"
configure:12388: $? = 0
configure:12403: $PKG_CONFIG --exists --print-errors "$module >= $minver"
configure:12406: $? = 0
configure:12462: result: yes
configure:12479: checking for GST_PLUGINS_BASE
configure:12487: $PKG_CONFIG --exists --print-errors "$module >= $minver"
configure:12490: $? = 0
configure:12505: $PKG_CONFIG --exists --print-errors "$module >= $minver"
configure:12508: $? = 0
configure:12564: result: yes
configure:12580: using GStreamer Base Plugins in /usr/local/lib/gstreamer-1.0
configure:12594: Using GStreamer Core Plugins in /usr/local/lib/gstreamer-1.0
configure:12596: Using GStreamer Base Plugins in /usr/local/lib/gstreamer-1.0
configure:12657: Using /usr/local/lib/gstreamer-1.0 as the plugin install location
configure:12666: checking whether to enable maintainer-specific portions of Makefiles
configure:12675: result: yes
configure:12737: checking for gcc
configure:12764: result: gcc
configure:12993: checking for C compiler version
configure:13002: gcc --version >&5
gcc (Ubuntu 4.8.4-2ubuntu1~14.04) 4.8.4
Copyright (C) 2013 Free Software Foundation, Inc.
This is free software; see the source for copying conditions.  There is NO
warranty; not even for MERCHANTABILITY or FITNESS FOR A PARTICULAR PURPOSE.

configure:13013: $? = 0
configure:13002: gcc -v >&5
Using built-in specs.
COLLECT_GCC=gcc
COLLECT_LTO_WRAPPER=/usr/lib/gcc/x86_64-linux-gnu/4.8/lto-wrapper
Target: x86_64-linux-gnu
Configured with: ../src/configure -v --with-pkgversion='Ubuntu 4.8.4-2ubuntu1~14.04' --with-bugurl=file:///usr/share/doc/gcc-4.8/README.Bugs --enable-languages=c,c++,java,go,d,fortran,objc,obj-c++ --prefix=/usr --program-suffix=-4.8 --enable-shared --enable-linker-build-id --libexecdir=/usr/lib --without-included-gettext --enable-threads=posix --with-gxx-include-dir=/usr/include/c++/4.8 --libdir=/usr/lib --enable-nls --with-sysroot=/ --enable-clocale=gnu --enable-libstdcxx-debug --enable-libstdcxx-time=yes --enable-gnu-unique-object --disable-libmudflap --enable-plugin --with-system-zlib --disable-browser-plugin --enable-java-awt=gtk --enable-gtk-cairo --with-java-home=/usr/lib/jvm/java-1.5.0-gcj-4.8-amd64/jre --enable-java-home --with-jvm-root-dir=/usr/lib/jvm/java-1.5.0-gcj-4.8-amd64 --with-jvm-jar-dir=/usr/lib/jvm-exports/java-1.5.0-gcj-4.8-amd64 --with-arch-directory=amd64 --with-ecj-jar=/usr/share/java/eclipse-ecj.jar --enable-objc-gc --enable-multiarch --disable-werror --with-arch-32=i686 --with-abi=m64 --with-multilib-list=m32,m64,mx32 --with-tune=generic --enable-checking=release --build=x86_64-linux-gnu --host=x86_64-linux-gnu --target=x86_64-linux-gnu
Thread model: posix
gcc version 4.8.4 (Ubuntu 4.8.4-2ubuntu1~14.04) 
configure:13013: $? = 0
configure:13002: gcc -V >&5
gcc: error: unrecognized command line option '-V'
gcc: fatal error: no input files
compilation terminated.
configure:13013: $? = 4
configure:13002: gcc -qversion >&5
gcc: error: unrecognized command line option '-qversion'
gcc: fatal error: no input files
compilation terminated.
configure:13013: $? = 4
configure:13017: checking whether we are using the GNU C compiler
configure:13045: result: yes
configure:13054: checking whether gcc accepts -g
configure:13115: result: yes
configure:13132: checking for gcc option to accept ISO C89
configure:13208: result: none needed
configure:13233: checking whether gcc understands -c and -o together
configure:13270: result: yes
configure:13289: checking dependency style of gcc
configure:13400: result: gcc3
configure:13423: checking for pkg-config
configure:13439: found /usr/bin/pkg-config
configure:13453: result:  
configure:13464: checking for GST
configure:13577: result: yes
configure:13585: checking to see if compiler understands -Wall
configure:13600: gcc -c -g -O2 -Wall  conftest.c >&5
configure:13600: $? = 0
configure:13603: result: yes
configure:13740: checking that generated files are newer than configure
configure:13746: result: done
configure:13781: creating ./config.status

## ---------------------- ##
## Running config.status. ##
## ---------------------- ##

This file was extended by gst-mprtp config.status 1.0.0, which was
generated by GNU Autoconf 2.69.  Invocation command line was

  CONFIG_FILES    = 
  CONFIG_HEADERS  = 
  CONFIG_LINKS    = 
  CONFIG_COMMANDS = 
  $ ./config.status 

on Betelguese

config.status:1135: creating Makefile
config.status:1135: creating plugins/Makefile
config.status:1135: creating tools/Makefile
config.status:1135: creating config.h
config.status:1364: executing depfiles commands
config.status:1364: executing libtool commands

## ---------------- ##
## Cache variables. ##
## ---------------- ##

ac_cv_build=x86_64-unknown-linux-gnu
ac_cv_c_compiler_gnu=yes
ac_cv_env_CC_set=
ac_cv_env_CC_value=
ac_cv_env_CFLAGS_set=
ac_cv_env_CFLAGS_value=
ac_cv_env_CPPFLAGS_set=
ac_cv_env_CPPFLAGS_value=
ac_cv_env_CPP_set=
ac_cv_env_CPP_value=
ac_cv_env_GST_BASE_CFLAGS_set=
ac_cv_env_GST_BASE_CFLAGS_value=
ac_cv_env_GST_BASE_LIBS_set=
ac_cv_env_GST_BASE_LIBS_value=
ac_cv_env_GST_CFLAGS_set=
ac_cv_env_GST_CFLAGS_value=
ac_cv_env_GST_CHECK_CFLAGS_set=
ac_cv_env_GST_CHECK_CFLAGS_value=
ac_cv_env_GST_CHECK_LIBS_set=
ac_cv_env_GST_CHECK_LIBS_value=
ac_cv_env_GST_CONTROLLER_CFLAGS_set=
ac_cv_env_GST_CONTROLLER_CFLAGS_value=
ac_cv_env_GST_CONTROLLER_LIBS_set=
ac_cv_env_GST_CONTROLLER_LIBS_value=
ac_cv_env_GST_LIBS_set=
ac_cv_env_GST_LIBS_value=
ac_cv_env_GST_NET_CFLAGS_set=
ac_cv_env_GST_NET_CFLAGS_value=
ac_cv_env_GST_NET_LIBS_set=
ac_cv_env_GST_NET_LIBS_value=
ac_cv_env_GST_PLUGINS_BASE_CFLAGS_set=
ac_cv_env_GST_PLUGINS_BASE_CFLAGS_value=
ac_cv_env_GST_PLUGINS_BASE_LIBS_set=
ac_cv_env_GST_PLUGINS_BASE_LIBS_value=
ac_cv_env_LDFLAGS_set=
ac_cv_env_LDFLAGS_value=
ac_cv_env_LIBS_set=
ac_cv_env_LIBS_value=
ac_cv_env_PKG_CONFIG_set=
ac_cv_env_PKG_CONFIG_value=
ac_cv_env_build_alias_set=
ac_cv_env_build_alias_value=
ac_cv_env_host_alias_set=
ac_cv_env_host_alias_value=
ac_cv_env_target_alias_set=
ac_cv_env_target_alias_value=
ac_cv_func_dlopen=no
ac_cv_func_shl_load=no
ac_cv_header_dlfcn_h=yes
ac_cv_header_inttypes_h=yes
ac_cv_header_memory_h=yes
ac_cv_header_stdc=yes
ac_cv_header_stdint_h=yes
ac_cv_header_stdlib_h=yes
ac_cv_header_string_h=yes
ac_cv_header_strings_h=yes
ac_cv_header_sys_stat_h=yes
ac_cv_header_sys_types_h=yes
ac_cv_header_unistd_h=yes
ac_cv_host=x86_64-unknown-linux-gnu
ac_cv_lib_dl_dlopen=yes
ac_cv_lib_dld_shl_load=no
ac_cv_objext=o
ac_cv_path_EGREP='/bin/grep -E'
ac_cv_path_FGREP='/bin/grep -F'
ac_cv_path_GREP=/bin/grep
ac_cv_path_SED=/bin/sed
ac_cv_path_ac_pt_PKG_CONFIG=/usr/bin/pkg-config
ac_cv_path_install='/usr/bin/install -c'
ac_cv_path_mkdir=/bin/mkdir
ac_cv_prog_AWK=gawk
ac_cv_prog_CPP='gcc -E'
ac_cv_prog_HAVE_PKGCONFIG=' '
ac_cv_prog_ac_ct_AR=ar
ac_cv_prog_ac_ct_CC=gcc
ac_cv_prog_ac_ct_MANIFEST_TOOL=mt
ac_cv_prog_ac_ct_OBJDUMP=objdump
ac_cv_prog_ac_ct_RANLIB=ranlib
ac_cv_prog_ac_ct_STRIP=strip
ac_cv_prog_cc_c89=
ac_cv_prog_cc_g=yes
ac_cv_prog_make_make_set=yes
ac_cv_target=x86_64-unknown-linux-gnu
am_cv_CC_dependencies_compiler_type=gcc3
am_cv_make_support_nested_variables=yes
am_cv_prog_cc_c_o=yes
lt_cv_ar_at_file=@
lt_cv_archive_cmds_need_lc=no
lt_cv_deplibs_check_method=pass_all
lt_cv_dlopen=dlopen
lt_cv_dlopen_libs=-ldl
lt_cv_dlopen_self=yes
lt_cv_dlopen_self_static=no
lt_cv_file_magic_cmd='$MAGIC_CMD'
lt_cv_file_magic_test_file=
lt_cv_ld_reload_flag=-r
lt_cv_nm_interface='BSD nm'
lt_cv_objdir=.libs
lt_cv_path_LD=/usr/bin/ld
lt_cv_path_NM='/usr/bin/nm -B'
lt_cv_path_mainfest_tool=no
lt_cv_prog_compiler_c_o=yes
lt_cv_prog_compiler_pic='-fPIC -DPIC'
lt_cv_prog_compiler_pic_works=yes
lt_cv_prog_compiler_rtti_exceptions=no
lt_cv_prog_compiler_static_works=yes
lt_cv_prog_gnu_ld=yes
lt_cv_sharedlib_from_linklib_cmd='printf %s\n'
lt_cv_shlibpath_overrides_runpath=no
lt_cv_sys_global_symbol_pipe='sed -n -e '\''s/^.*[	 ]\([ABCDGIRSTW][ABCDGIRSTW]*\)[	 ][	 ]*\([_A-Za-z][_A-Za-z0-9]*\)$/\1 \2 \2/p'\'' | sed '\''/ __gnu_lto/d'\'''
lt_cv_sys_global_symbol_to_c_name_address='sed -n -e '\''s/^: \([^ ]*\)[ ]*$/  {\"\1\", (void *) 0},/p'\'' -e '\''s/^[ABCDGIRSTW]* \([^ ]*\) \([^ ]*\)$/  {"\2", (void *) \&\2},/p'\'''
lt_cv_sys_global_symbol_to_c_name_address_lib_prefix='sed -n -e '\''s/^: \([^ ]*\)[ ]*$/  {\"\1\", (void *) 0},/p'\'' -e '\''s/^[ABCDGIRSTW]* \([^ ]*\) \(lib[^ ]*\)$/  {"\2", (void *) \&\2},/p'\'' -e '\''s/^[ABCDGIRSTW]* \([^ ]*\) \([^ ]*\)$/  {"lib\2", (void *) \&\2},/p'\'''
lt_cv_sys_global_symbol_to_cdecl='sed -n -e '\''s/^T .* \(.*\)$/extern int \1();/p'\'' -e '\''s/^[ABCDGIRSTW]* .* \(.*\)$/extern char \1;/p'\'''
lt_cv_sys_max_cmd_len=1572864
lt_cv_to_host_file_cmd=func_convert_file_noop
lt_cv_to_tool_file_cmd=func_convert_file_noop
pkg_cv_GST_BASE_CFLAGS='-pthread -I/usr/local/include/gstreamer-1.0 -I/usr/local/lib/gstreamer-1.0/include -I/usr/include/glib-2.0 -I/usr/lib/x86_64-linux-gnu/glib-2.0/include  '
pkg_cv_GST_BASE_LIBS='-L/usr/local/lib -lgstbase-1.0 -lgstreamer-1.0 -lgobject-2.0 -lglib-2.0  '
pkg_cv_GST_CFLAGS='-pthread -I/usr/local/include/gstreamer-1.0 -I/usr/local/lib/gstreamer-1.0/include -I/usr/include/glib-2.0 -I/usr/lib/x86_64-linux-gnu/glib-2.0/include  '
pkg_cv_GST_CHECK_CFLAGS='-pthread -I/usr/local/include/gstreamer-1.0 -I/usr/local/lib/gstreamer-1.0/include -I/usr/include/glib-2.0 -I/usr/lib/x86_64-linux-gnu/glib-2.0/include  '
pkg_cv_GST_CHECK_LIBS='-L/usr/local/lib -lgstcheck-1.0 -lm -lgstreamer-1.0 -lgobject-2.0 -lglib-2.0  '
pkg_cv_GST_CONTROLLER_CFLAGS='-pthread -I/usr/local/include/gstreamer-1.0 -I/usr/local/lib/gstreamer-1.0/include -I/usr/include/glib-2.0 -I/usr/lib/x86_64-linux-gnu/glib-2.0/include  '
pkg_cv_GST_CONTROLLER_LIBS='-L/usr/local/lib -lgstcontroller-1.0 -lgstreamer-1.0 -lgobject-2.0 -lglib-2.0  '
pkg_cv_GST_LIBS='-L/usr/local/lib -lgstreamer-1.0 -lgobject-2.0 -lglib-2.0  '
pkg_cv_GST_NET_CFLAGS='-pthread -I/usr/local/include/gstreamer-1.0 -I/usr/local/lib/gstreamer-1.0/include -I/usr/include/glib-2.0 -I/usr/lib/x86_64-linux-gnu/glib-2.0/include  '
pkg_cv_GST_NET_LIBS='-L/usr/local/lib -lgstnet-1.0 -lgstreamer-1.0 -lgio-2.0 -lgobject-2.0 -lglib-2.0  '
pkg_cv_GST_PLUGINS_BASE_CFLAGS='-pthread -I/usr/local/include/gstreamer-1.0 -I/usr/local/lib/gstreamer-1.0/include -I/usr/include/glib-2.0 -I/usr/lib/x86_64-linux-gnu/glib-2.0/include  '
pkg_cv_GST_PLUGINS_BASE_LIBS='-L/usr/local/lib -lgstreamer-1.0 -lgobject-2.0 -lglib-2.0  '

## ----------------- ##
## Output variables. ##
## ----------------- ##

ACLOCAL='${SHELL} /home/balazs/gst/master/gst-mprtp/missing aclocal-1.14'
ACLOCAL_AMFLAGS='-I m4 -I common/m4'
AMDEPBACKSLASH='\'
AMDEP_FALSE='#'
AMDEP_TRUE=''
AMTAR='$${TAR-tar}'
AM_BACKSLASH='\'
AM_DEFAULT_V='$(AM_DEFAULT_VERBOSITY)'
AM_DEFAULT_VERBOSITY='1'
AM_V='$(V)'
AR='ar'
AS='as'
AUTOCONF='${SHELL} /home/balazs/gst/master/gst-mprtp/missing autoconf'
AUTOHEADER='${SHELL} /home/balazs/gst/master/gst-mprtp/missing autoheader'
AUTOMAKE='${SHELL} /home/balazs/gst/master/gst-mprtp/missing automake-1.14'
AWK='gawk'
CC='gcc'
CCDEPMODE='depmode=gcc3'
CFLAGS='-g -O2 -Wall'
CPP='gcc -E'
CPPFLAGS=''
CYGPATH_W='echo'
DEFS='-DHAVE_CONFIG_H'
DEPDIR='.deps'
DLLTOOL='false'
DSYMUTIL=''
DUMPBIN=''
ECHO_C=''
ECHO_N='-n'
ECHO_T=''
EGREP='/bin/grep -E'
EXEEXT=''
FGREP='/bin/grep -F'
GLIB_PREFIX='/usr'
GREP='/bin/grep'
GSTPB_PLUGINS_DIR='/usr/local/lib/gstreamer-1.0'
GSTPB_PREFIX='/usr/local'
GST_AGE='502'
GST_API_VERSION='1.0'
GST_BASE_CFLAGS='-pthread -I/usr/local/include/gstreamer-1.0 -I/usr/local/lib/gstreamer-1.0/include -I/usr/include/glib-2.0 -I/usr/lib/x86_64-linux-gnu/glib-2.0/include  '
GST_BASE_LIBS='-L/usr/local/lib -lgstbase-1.0 -lgstreamer-1.0 -lgobject-2.0 -lglib-2.0  '
GST_CFLAGS='-pthread -I/usr/local/include/gstreamer-1.0 -I/usr/local/lib/gstreamer-1.0/include -I/usr/include/glib-2.0 -I/usr/lib/x86_64-linux-gnu/glib-2.0/include   -Wall'
GST_CHECK_CFLAGS='-pthread -I/usr/local/include/gstreamer-1.0 -I/usr/local/lib/gstreamer-1.0/include -I/usr/include/glib-2.0 -I/usr/lib/x86_64-linux-gnu/glib-2.0/include  '
GST_CHECK_LIBS='-L/usr/local/lib -lgstcheck-1.0 -lm -lgstreamer-1.0 -lgobject-2.0 -lglib-2.0  '
GST_CONTROLLER_CFLAGS='-pthread -I/usr/local/include/gstreamer-1.0 -I/usr/local/lib/gstreamer-1.0/include -I/usr/include/glib-2.0 -I/usr/lib/x86_64-linux-gnu/glib-2.0/include  '
GST_CONTROLLER_LIBS='-L/usr/local/lib -lgstcontroller-1.0 -lgstreamer-1.0 -lgobject-2.0 -lglib-2.0  '
GST_CURRENT='502'
GST_LIBS='-L/usr/local/lib -lgstreamer-1.0 -lgobject-2.0 -lglib-2.0  '
GST_LIBVERSION='502:0:502'
GST_LICENSE='LGPL'
GST_LT_LDFLAGS=' -version-info 502:0:502'
GST_NET_CFLAGS='-pthread -I/usr/local/include/gstreamer-1.0 -I/usr/local/lib/gstreamer-1.0/include -I/usr/include/glib-2.0 -I/usr/lib/x86_64-linux-gnu/glib-2.0/include  '
GST_NET_LIBS='-L/usr/local/lib -lgstnet-1.0 -lgstreamer-1.0 -lgio-2.0 -lgobject-2.0 -lglib-2.0  '
GST_PLUGINS_BASE_CFLAGS='-pthread -I/usr/local/include/gstreamer-1.0 -I/usr/local/lib/gstreamer-1.0/include -I/usr/include/glib-2.0 -I/usr/lib/x86_64-linux-gnu/glib-2.0/include  '
GST_PLUGINS_BASE_DIR='/usr/local/lib/gstreamer-1.0/gst:/usr/local/lib/gstreamer-1.0/sys:/usr/local/lib/gstreamer-1.0/ext'
GST_PLUGINS_BASE_LIBS='-L/usr/local/lib -lgstreamer-1.0 -lgobject-2.0 -lglib-2.0  '
GST_PLUGINS_DIR='/usr/local/lib/gstreamer-1.0'
GST_PLUGIN_LDFLAGS='-module -avoid-version -export-symbols-regex _*\(gst_\|Gst\|GST_\).*'
GST_PREFIX='/usr/local'
GST_REVISION='0'
GST_TOOLS_DIR='/usr/local/bin'
HAVE_GST_CHECK_FALSE='#'
HAVE_GST_CHECK_TRUE=''
HAVE_PKGCONFIG=' '
INSTALL_DATA='${INSTALL} -m 644'
INSTALL_PROGRAM='${INSTALL}'
INSTALL_SCRIPT='${INSTALL}'
INSTALL_STRIP_PROGRAM='$(install_sh) -c -s'
LD='/usr/bin/ld -m elf_x86_64'
LDFLAGS=''
LIBOBJS=''
LIBS=''
LIBTOOL='$(SHELL) $(top_builddir)/libtool'
LIPO=''
LN_S='ln -s'
LTLIBOBJS=''
MAINT=''
MAINTAINER_MODE_FALSE='#'
MAINTAINER_MODE_TRUE=''
MAKEINFO='${SHELL} /home/balazs/gst/master/gst-mprtp/missing makeinfo'
MANIFEST_TOOL=':'
MKDIR_P='/bin/mkdir -p'
NM='/usr/bin/nm -B'
NMEDIT=''
OBJDUMP='objdump'
OBJEXT='o'
OTOOL64=''
OTOOL=''
PACKAGE='gst-mprtp'
PACKAGE_BUGREPORT=''
PACKAGE_NAME='gst-mprtp'
PACKAGE_STRING='gst-mprtp 1.0.0'
PACKAGE_TARNAME='gst-mprtp'
PACKAGE_URL=''
PACKAGE_VERSION='1.0.0'
PATH_SEPARATOR=':'
PKG_CONFIG='/usr/bin/pkg-config'
PLUGINDIR='/usr/local/lib/gstreamer-1.0'
RANLIB='ranlib'
SED='/bin/sed'
SET_MAKE=''
SHELL='/bin/bash'
STRIP='strip'
VERSION='1.0.0'
ac_ct_AR='ar'
ac_ct_CC='gcc'
ac_ct_DUMPBIN=''
am__EXEEXT_FALSE=''
am__EXEEXT_TRUE='#'
am__fastdepCC_FALSE='#'
am__fastdepCC_TRUE=''
am__include='include'
am__isrc=''
am__leading_dot='.'
am__nodep='_no'
am__quote=''
am__tar='$${TAR-tar} chof - "$$tardir"'
am__untar='$${TAR-tar} xf -'
bindir='${exec_prefix}/bin'
build='x86_64-unknown-linux-gnu'
build_alias=''
build_cpu='x86_64'
build_os='linux-gnu'
build_vendor='unknown'
datadir='${datarootdir}'
datarootdir='${prefix}/share'
docdir='${datarootdir}/doc/${PACKAGE_TARNAME}'
dvidir='${docdir}'
exec_prefix='${prefix}'
host='x86_64-unknown-linux-gnu'
host_alias=''
host_cpu='x86_64'
host_os='linux-gnu'
host_vendor='unknown'
htmldir='${docdir}'
includedir='${prefix}/include'
infodir='${datarootdir}/info'
install_sh='${SHELL} /home/balazs/gst/master/gst-mprtp/install-sh'
libdir='${exec_prefix}/lib'
libexecdir='${exec_prefix}/libexec'
localedir='${datarootdir}/locale'
localstatedir='${prefix}/var'
mandir='${datarootdir}/man'
mkdir_p='$(MKDIR_P)'
oldincludedir='/usr/include'
pdfdir='${docdir}'
plugindir='$(libdir)/gstreamer-1.0'
prefix='/usr/local'
program_transform_name='s,x,x,'
psdir='${docdir}'
sbindir='${exec_prefix}/sbin'
sharedstatedir='${prefix}/com'
sysconfdir='${prefix}/etc'
target='x86_64-unknown-linux-gnu'
target_alias=''
target_cpu='x86_64'
target_os='linux-gnu'
target_vendor='unknown'

## ----------- ##
## confdefs.h. ##
## ----------- ##

/* confdefs.h */
#define PACKAGE_NAME "gst-mprtp"
#define PACKAGE_TARNAME "gst-mprtp"
#define PACKAGE_VERSION "1.0.0"
#define PACKAGE_STRING "gst-mprtp 1.0.0"
#define PACKAGE_BUGREPORT ""
#define PACKAGE_URL ""
#define PACKAGE "gst-mprtp"
#define VERSION "1.0.0"
#define GST_API_VERSION "1.0"
#define STDC_HEADERS 1
#define HAVE_SYS_TYPES_H 1
#define HAVE_SYS_STAT_H 1
#define HAVE_STDLIB_H 1
#define HAVE_STRING_H 1
#define HAVE_MEMORY_H 1
#define HAVE_STRINGS_H 1
#define HAVE_INTTYPES_H 1
#define HAVE_STDINT_H 1
#define HAVE_UNISTD_H 1
#define HAVE_DLFCN_H 1
#define LT_OBJDIR ".libs/"
#define GST_LICENSE "LGPL"
#define PLUGINDIR "/usr/local/lib/gstreamer-1.0"
#define GST_API_VERSION "1.0"

configure: exit 0
